Determining if the pthread_create exist failed with the following output:
Change Dir: /home/robotics/TungNV/NavigationMergerLaser/catkin_ws/build/CMakeFiles/CMakeTmp

Run Build Command:"/usr/bin/make" "cmTC_2ada4/fast"
/usr/bin/make -f CMakeFiles/cmTC_2ada4.dir/build.make CMakeFiles/cmTC_2ada4.dir/build
make[1]: Entering directory '/home/robotics/TungNV/NavigationMergerLaser/catkin_ws/build/CMakeFiles/CMakeTmp'
Building C object CMakeFiles/cmTC_2ada4.dir/CheckSymbolExists.c.o
/usr/bin/cc    -o CMakeFiles/cmTC_2ada4.dir/CheckSymbolExists.c.o   -c /home/robotics/TungNV/NavigationMergerLaser/catkin_ws/build/CMakeFiles/CMakeTmp/CheckSymbolExists.c
Linking C executable cmTC_2ada4
/usr/bin/cmake -E cmake_link_script CMakeFiles/cmTC_2ada4.dir/link.txt --verbose=1
/usr/bin/cc      -rdynamic CMakeFiles/cmTC_2ada4.dir/CheckSymbolExists.c.o  -o cmTC_2ada4 
CMakeFiles/cmTC_2ada4.dir/CheckSymbolExists.c.o: In function `main':
CheckSymbolExists.c:(.text+0x1b): undefined reference to `pthread_create'
collect2: error: ld returned 1 exit status
CMakeFiles/cmTC_2ada4.dir/build.make:97: recipe for target 'cmTC_2ada4' failed
make[1]: *** [cmTC_2ada4] Error 1
make[1]: Leaving directory '/home/robotics/TungNV/NavigationMergerLaser/catkin_ws/build/CMakeFiles/CMakeTmp'
Makefile:126: recipe for target 'cmTC_2ada4/fast' failed
make: *** [cmTC_2ada4/fast] Error 2

File /home/robotics/TungNV/NavigationMergerLaser/catkin_ws/build/CMakeFiles/CMakeTmp/CheckSymbolExists.c:
/* */
#include <pthread.h>

int main(int argc, char** argv)
{
  (void)argv;
#ifndef pthread_create
  return ((int*)(&pthread_create))[argc];
#else
  (void)argc;
  return 0;
#endif
}

Determining if the function pthread_create exists in the pthreads failed with the following output:
Change Dir: /home/robotics/TungNV/NavigationMergerLaser/catkin_ws/build/CMakeFiles/CMakeTmp

Run Build Command:"/usr/bin/make" "cmTC_f7c12/fast"
/usr/bin/make -f CMakeFiles/cmTC_f7c12.dir/build.make CMakeFiles/cmTC_f7c12.dir/build
make[1]: Entering directory '/home/robotics/TungNV/NavigationMergerLaser/catkin_ws/build/CMakeFiles/CMakeTmp'
Building C object CMakeFiles/cmTC_f7c12.dir/CheckFunctionExists.c.o
/usr/bin/cc   -DCHECK_FUNCTION_EXISTS=pthread_create   -o CMakeFiles/cmTC_f7c12.dir/CheckFunctionExists.c.o   -c /usr/share/cmake-3.10/Modules/CheckFunctionExists.c
Linking C executable cmTC_f7c12
/usr/bin/cmake -E cmake_link_script CMakeFiles/cmTC_f7c12.dir/link.txt --verbose=1
/usr/bin/cc  -DCHECK_FUNCTION_EXISTS=pthread_create    -rdynamic CMakeFiles/cmTC_f7c12.dir/CheckFunctionExists.c.o  -o cmTC_f7c12 -lpthreads 
/usr/bin/ld: cannot find -lpthreads
collect2: error: ld returned 1 exit status
CMakeFiles/cmTC_f7c12.dir/build.make:97: recipe for target 'cmTC_f7c12' failed
make[1]: *** [cmTC_f7c12] Error 1
make[1]: Leaving directory '/home/robotics/TungNV/NavigationMergerLaser/catkin_ws/build/CMakeFiles/CMakeTmp'
Makefile:126: recipe for target 'cmTC_f7c12/fast' failed
make: *** [cmTC_f7c12/fast] Error 2


Determining if the include file pgm.h exists failed with the following output:
Change Dir: /home/robotics/TungNV/NavigationMergerLaser/catkin_ws/build/CMakeFiles/CMakeTmp

Run Build Command:"/usr/bin/make" "cmTC_e0a7c/fast"
/usr/bin/make -f CMakeFiles/cmTC_e0a7c.dir/build.make CMakeFiles/cmTC_e0a7c.dir/build
make[1]: Entering directory '/home/robotics/TungNV/NavigationMergerLaser/catkin_ws/build/CMakeFiles/CMakeTmp'
Building CXX object CMakeFiles/cmTC_e0a7c.dir/CheckIncludeFile.cxx.o
/usr/bin/c++     -o CMakeFiles/cmTC_e0a7c.dir/CheckIncludeFile.cxx.o -c /home/robotics/TungNV/NavigationMergerLaser/catkin_ws/build/CMakeFiles/CMakeTmp/CheckIncludeFile.cxx
/home/robotics/TungNV/NavigationMergerLaser/catkin_ws/build/CMakeFiles/CMakeTmp/CheckIncludeFile.cxx:1:10: fatal error: pgm.h: No such file or directory
 #include <pgm.h>
          ^~~~~~~
compilation terminated.
CMakeFiles/cmTC_e0a7c.dir/build.make:65: recipe for target 'CMakeFiles/cmTC_e0a7c.dir/CheckIncludeFile.cxx.o' failed
make[1]: *** [CMakeFiles/cmTC_e0a7c.dir/CheckIncludeFile.cxx.o] Error 1
make[1]: Leaving directory '/home/robotics/TungNV/NavigationMergerLaser/catkin_ws/build/CMakeFiles/CMakeTmp'
Makefile:126: recipe for target 'cmTC_e0a7c/fast' failed
make: *** [cmTC_e0a7c/fast] Error 2


